<?xml version="1.0" encoding="UTF-8"?>
<!-- Generated by org.testng.reporters.JUnitReportReporter -->
<testsuite skipped="0" hostname="LT-35775A" name="tests.LoginTests" tests="1" failures="0" timestamp="06 Jan 2019 07:56:24 GMT" time="0.388" errors="0">
  <testcase name="verifyUserName" time="0.388" classname="tests.LoginTests"/>
</testsuite> <!-- tests.LoginTests -->
